<?xml version="1.0" encoding="utf-8"?><testsuites><testsuite name="pytest" errors="0" failures="0" skipped="2" tests="5" time="68.593" timestamp="2022-12-31T14:15:19.680509" hostname="DESKTOP-J4P3R2U"><testcase classname="test_HomePage.Test_HomePage" name="test_formSubmission_dict[getData0]" time="0.003"><skipped type="pytest.skip" message="unconditional skip">F:\PythonSelenium\pythonSelfFramework\tests\test_HomePage.py:15: unconditional skip</skipped></testcase><testcase classname="test_HomePage.Test_HomePage" name="test_formSubmission_dict[getData1]" time="0.002"><skipped type="pytest.skip" message="unconditional skip">F:\PythonSelenium\pythonSelfFramework\tests\test_HomePage.py:15: unconditional skip</skipped></testcase><testcase classname="test_HomePage.Test_HomePage" name="test_formSubmission_extrenal_data[extData0]" time="36.871" /><testcase classname="test_HomePage.Test_HomePage" name="test_formSubmission_extrenal_data[extData1]" time="5.812" /><testcase classname="test_e2e.Test_E2E" name="test_e2e" time="24.986" /></testsuite></testsuites>